Using pre-set license
Built from '2020.3/staging' branch; Version is '2020.3.3f1 (76626098c1c4) revision 7758432'; Using compiler version '192528614'; Build Type 'Release'
OS: 'Windows 10 Pro; OS build 19043.1288; Version 2009; 64bit' Language: 'it' Physical Memory: 16333 MB
BatchMode: 1, IsHumanControllingUs: 0, StartBugReporterOnCrash: 0, Is64bit: 1, IsPro: 0

 COMMAND LINE ARGUMENTS:
C:\Program Files\Unity\Hub\Editor\2020.3.3f1\Editor\Unity.exe
-adb2
-batchMode
-noUpm
-name
AssetImportWorker0
-projectPath
E:/UnityDevelopment/UnityCourse-Spanish/Projects/John Lemon
-logFile
Logs/AssetImportWorker0.log
-srvPort
62986
Successfully changed project path to: E:/UnityDevelopment/UnityCourse-Spanish/Projects/John Lemon
E:/UnityDevelopment/UnityCourse-Spanish/Projects/John Lemon
Using Asset Import Pipeline V2.
Refreshing native plugins compatible for Editor in 46.86 ms, found 0 plugins.
Preloading 0 native plugins for Editor in 0.00 ms.
Initialize engine version: 2020.3.3f1 (76626098c1c4)
[Subsystems] Discovering subsystems at path C:/Program Files/Unity/Hub/Editor/2020.3.3f1/Editor/Data/Resources/UnitySubsystems
[Subsystems] Discovering subsystems at path E:/UnityDevelopment/UnityCourse-Spanish/Projects/John Lemon/Assets
GfxDevice: creating device client; threaded=0
Direct3D:
    Version:  Direct3D 11.0 [level 11.1]
    Renderer: NVIDIA GeForce GTX 1660 SUPER (ID=0x21c4)
    Vendor:   
    VRAM:     5991 MB
    Driver:   30.0.14.7239
Initialize mono
Mono path[0] = 'C:/Program Files/Unity/Hub/Editor/2020.3.3f1/Editor/Data/Managed'
Mono path[1] = 'C:/Program Files/Unity/Hub/Editor/2020.3.3f1/Editor/Data/MonoBleedingEdge/lib/mono/unityjit'
Mono config path = 'C:/Program Files/Unity/Hub/Editor/2020.3.3f1/Editor/Data/MonoBleedingEdge/etc'
Using monoOptions --debugger-agent=transport=dt_socket,embedding=1,server=y,suspend=n,address=127.0.0.1:56588
Begin MonoManager ReloadAssembly
Registering precompiled unity dll's ...
Register platform support module: C:/Program Files/Unity/Hub/Editor/2020.3.3f1/Editor/Data/PlaybackEngines/WebGLSupport/UnityEditor.WebGL.Extensions.dll
Register platform support module: C:/Program Files/Unity/Hub/Editor/2020.3.3f1/Editor/Data/PlaybackEngines/WindowsStandaloneSupport/UnityEditor.WindowsStandalone.Extensions.dll
Registered in 0.002960 seconds.
Native extension for WindowsStandalone target not found
Native extension for WebGL target not found
Refreshing native plugins compatible for Editor in 41.64 ms, found 0 plugins.
Preloading 0 native plugins for Editor in 0.00 ms.
Invoked RoslynAnalysisRunner static constructor.
RoslynAnalysisRunner will not be running.
RoslynAnalysisRunner has terminated.
Mono: successfully reloaded assembly
- Completed reload, in  2.245 seconds
Platform modules already initialized, skipping
Registering precompiled user dll's ...
Registered in 0.003422 seconds.
Begin MonoManager ReloadAssembly
Native extension for WindowsStandalone target not found
Native extension for WebGL target not found
Refreshing native plugins compatible for Editor in 0.47 ms, found 0 plugins.
Preloading 0 native plugins for Editor in 0.00 ms.
Invoked RoslynAnalysisRunner static constructor.
RoslynAnalysisRunner will not be running.
RoslynAnalysisRunner has terminated.
Mono: successfully reloaded assembly
- Completed reload, in  0.948 seconds
Platform modules already initialized, skipping
========================================================================
Worker process is ready to serve import requests
Launched and connected shader compiler UnityShaderCompiler.exe after 0.04 seconds
Refreshing native plugins compatible for Editor in 0.46 ms, found 0 plugins.
Preloading 0 native plugins for Editor in 0.00 ms.
Unloading 1626 Unused Serialized files (Serialized files now loaded: 0)
System memory in use before: 150.6 MB.
System memory in use after: 150.7 MB.

Unloading 36 unused Assets to reduce memory usage. Loaded Objects now: 2060.
Total: 1.847100 ms (FindLiveObjects: 0.175900 ms CreateObjectMapping: 0.039900 ms MarkObjects: 1.541300 ms  DeleteObjects: 0.088900 ms)

========================================================================
Received Import Request.
  path: Assets/Prefabs/Ghost.prefab
  artifactKey: Guid(2b3fc6f8376f7734fa933e2238dd8366) Importer(815301076,1909f56bfc062723c751e8b465ee728b)
Start importing Assets/Prefabs/Ghost.prefab using Guid(2b3fc6f8376f7734fa933e2238dd8366) Importer(815301076,1909f56bfc062723c751e8b465ee728b)  -> (artifact id: 'fd4f8df833919be4f95d838714071783') in 0.125177 seconds
  Import took 0.128060 seconds .

========================================================================
Received Import Request.
  Time since last request: 1.363962 seconds.
  path: Assets/Prefabs/Ghost.prefab
  artifactKey: Guid(2b3fc6f8376f7734fa933e2238dd8366) Importer(815301076,1909f56bfc062723c751e8b465ee728b)
Start importing Assets/Prefabs/Ghost.prefab using Guid(2b3fc6f8376f7734fa933e2238dd8366) Importer(815301076,1909f56bfc062723c751e8b465ee728b)  -> (artifact id: 'b3f790344789739d65fff26d807f47f9') in 0.028585 seconds
  Import took 0.031539 seconds .

========================================================================
Received Import Request.
  Time since last request: 64.842875 seconds.
  path: Assets/Animation/Animators/Ghost.controller
  artifactKey: Guid(726dbd80b1c2ef04b84e9015cd3306f6) Importer(815301076,1909f56bfc062723c751e8b465ee728b)
Start importing Assets/Animation/Animators/Ghost.controller using Guid(726dbd80b1c2ef04b84e9015cd3306f6) Importer(815301076,1909f56bfc062723c751e8b465ee728b)  -> (artifact id: '36edd047369b5878c094da7cd15b9024') in 0.010835 seconds
  Import took 0.013804 seconds .

========================================================================
Received Prepare
Registering precompiled user dll's ...
Registered in 0.003338 seconds.
Begin MonoManager ReloadAssembly
Native extension for WindowsStandalone target not found
Native extension for WebGL target not found
Refreshing native plugins compatible for Editor in 0.48 ms, found 0 plugins.
Preloading 0 native plugins for Editor in 0.00 ms.
Invoked RoslynAnalysisRunner static constructor.
RoslynAnalysisRunner will not be running.
RoslynAnalysisRunner has terminated.
Mono: successfully reloaded assembly
- Completed reload, in  0.871 seconds
Platform modules already initialized, skipping
Refreshing native plugins compatible for Editor in 0.49 ms, found 0 plugins.
Preloading 0 native plugins for Editor in 0.00 ms.
Unloading 1588 Unused Serialized files (Serialized files now loaded: 0)
System memory in use before: 150.6 MB.
System memory in use after: 150.7 MB.

Unloading 27 unused Assets to reduce memory usage. Loaded Objects now: 2070.
Total: 1.773500 ms (FindLiveObjects: 0.177500 ms CreateObjectMapping: 0.037600 ms MarkObjects: 1.499500 ms  DeleteObjects: 0.058000 ms)

========================================================================
Received Import Request.
  Time since last request: 111.702462 seconds.
  path: Assets/Animation/Animators/Ghost.controller
  artifactKey: Guid(726dbd80b1c2ef04b84e9015cd3306f6) Importer(815301076,1909f56bfc062723c751e8b465ee728b)
Start importing Assets/Animation/Animators/Ghost.controller using Guid(726dbd80b1c2ef04b84e9015cd3306f6) Importer(815301076,1909f56bfc062723c751e8b465ee728b)  -> (artifact id: '8b464fbef27ddaa29c74cf767c8e7049') in 0.019887 seconds
  Import took 0.022620 seconds .

========================================================================
Received Import Request.
  Time since last request: 254.098152 seconds.
  path: Assets/Prefabs/PointOfView.prefab
  artifactKey: Guid(c4e0797582cc6cc4c90b4bb8412dda92) Importer(815301076,1909f56bfc062723c751e8b465ee728b)
Start importing Assets/Prefabs/PointOfView.prefab using Guid(c4e0797582cc6cc4c90b4bb8412dda92) Importer(815301076,1909f56bfc062723c751e8b465ee728b)  -> (artifact id: '4a11d67c39e24eafb1300c0bafb49829') in 0.019366 seconds
  Import took 0.022699 seconds .

========================================================================
Received Prepare
Registering precompiled user dll's ...
Registered in 0.003476 seconds.
Begin MonoManager ReloadAssembly
Native extension for WindowsStandalone target not found
Native extension for WebGL target not found
Refreshing native plugins compatible for Editor in 0.49 ms, found 0 plugins.
Preloading 0 native plugins for Editor in 0.00 ms.
Invoked RoslynAnalysisRunner static constructor.
RoslynAnalysisRunner will not be running.
RoslynAnalysisRunner has terminated.
Mono: successfully reloaded assembly
- Completed reload, in  0.872 seconds
Platform modules already initialized, skipping
Refreshing native plugins compatible for Editor in 0.52 ms, found 0 plugins.
Preloading 0 native plugins for Editor in 0.00 ms.
Unloading 1588 Unused Serialized files (Serialized files now loaded: 0)
System memory in use before: 150.7 MB.
System memory in use after: 150.8 MB.

Unloading 27 unused Assets to reduce memory usage. Loaded Objects now: 2073.
Total: 1.862100 ms (FindLiveObjects: 0.212700 ms CreateObjectMapping: 0.049600 ms MarkObjects: 1.531800 ms  DeleteObjects: 0.066800 ms)

========================================================================
Received Import Request.
  Time since last request: 557.866310 seconds.
  path: Assets/Scripts/WaypointPatrol.cs
  artifactKey: Guid(adfca81aa93b2c24a847114604634e4a) Importer(815301076,1909f56bfc062723c751e8b465ee728b)
Start importing Assets/Scripts/WaypointPatrol.cs using Guid(adfca81aa93b2c24a847114604634e4a) Importer(815301076,1909f56bfc062723c751e8b465ee728b)  -> (artifact id: '7997f93bdc1b8ed273068840d5bcbb89') in 0.021029 seconds
  Import took 0.024024 seconds .

========================================================================
Received Import Request.
  Time since last request: 0.001722 seconds.
  path: Assets/Scripts/WaypointPatrol.cs
  artifactKey: Guid(adfca81aa93b2c24a847114604634e4a) Importer(815301076,1909f56bfc062723c751e8b465ee728b)
Start importing Assets/Scripts/WaypointPatrol.cs using Guid(adfca81aa93b2c24a847114604634e4a) Importer(815301076,1909f56bfc062723c751e8b465ee728b)  -> (artifact id: '7997f93bdc1b8ed273068840d5bcbb89') in 0.002209 seconds
  Import took 0.004901 seconds .

========================================================================
Received Prepare
Registering precompiled user dll's ...
Registered in 0.005163 seconds.
Begin MonoManager ReloadAssembly
Native extension for WindowsStandalone target not found
Native extension for WebGL target not found
Refreshing native plugins compatible for Editor in 0.52 ms, found 0 plugins.
Preloading 0 native plugins for Editor in 0.00 ms.
Invoked RoslynAnalysisRunner static constructor.
RoslynAnalysisRunner will not be running.
RoslynAnalysisRunner has terminated.
Mono: successfully reloaded assembly
- Completed reload, in  0.933 seconds
Platform modules already initialized, skipping
Refreshing native plugins compatible for Editor in 0.56 ms, found 0 plugins.
Preloading 0 native plugins for Editor in 0.00 ms.
Unloading 1589 Unused Serialized files (Serialized files now loaded: 0)
System memory in use before: 150.7 MB.
System memory in use after: 150.8 MB.

Unloading 27 unused Assets to reduce memory usage. Loaded Objects now: 2077.
Total: 2.831900 ms (FindLiveObjects: 0.299400 ms CreateObjectMapping: 0.059400 ms MarkObjects: 2.373100 ms  DeleteObjects: 0.098600 ms)

========================================================================
Received Prepare
Registering precompiled user dll's ...
Registered in 0.003420 seconds.
Begin MonoManager ReloadAssembly
Native extension for WindowsStandalone target not found
Native extension for WebGL target not found
Refreshing native plugins compatible for Editor in 0.48 ms, found 0 plugins.
Preloading 0 native plugins for Editor in 0.00 ms.
Invoked RoslynAnalysisRunner static constructor.
RoslynAnalysisRunner will not be running.
RoslynAnalysisRunner has terminated.
Mono: successfully reloaded assembly
- Completed reload, in  0.893 seconds
Platform modules already initialized, skipping
Refreshing native plugins compatible for Editor in 0.49 ms, found 0 plugins.
Preloading 0 native plugins for Editor in 0.00 ms.
Unloading 1589 Unused Serialized files (Serialized files now loaded: 0)
System memory in use before: 150.7 MB.
System memory in use after: 150.8 MB.

Unloading 27 unused Assets to reduce memory usage. Loaded Objects now: 2080.
Total: 1.956100 ms (FindLiveObjects: 0.163400 ms CreateObjectMapping: 0.036900 ms MarkObjects: 1.691700 ms  DeleteObjects: 0.063200 ms)

========================================================================
Received Prepare
Registering precompiled user dll's ...
Registered in 0.003305 seconds.
Begin MonoManager ReloadAssembly
Native extension for WindowsStandalone target not found
Native extension for WebGL target not found
Refreshing native plugins compatible for Editor in 0.61 ms, found 0 plugins.
Preloading 0 native plugins for Editor in 0.00 ms.
Invoked RoslynAnalysisRunner static constructor.
RoslynAnalysisRunner will not be running.
RoslynAnalysisRunner has terminated.
Mono: successfully reloaded assembly
- Completed reload, in  0.865 seconds
Platform modules already initialized, skipping
Refreshing native plugins compatible for Editor in 0.49 ms, found 0 plugins.
Preloading 0 native plugins for Editor in 0.00 ms.
Unloading 1589 Unused Serialized files (Serialized files now loaded: 0)
System memory in use before: 150.8 MB.
System memory in use after: 150.8 MB.

Unloading 27 unused Assets to reduce memory usage. Loaded Objects now: 2083.
Total: 2.280800 ms (FindLiveObjects: 0.274400 ms CreateObjectMapping: 0.065900 ms MarkObjects: 1.864500 ms  DeleteObjects: 0.074800 ms)

========================================================================
Received Prepare
Registering precompiled user dll's ...
Registered in 0.003296 seconds.
Begin MonoManager ReloadAssembly
Native extension for WindowsStandalone target not found
Native extension for WebGL target not found
Refreshing native plugins compatible for Editor in 0.65 ms, found 0 plugins.
Preloading 0 native plugins for Editor in 0.00 ms.
Invoked RoslynAnalysisRunner static constructor.
RoslynAnalysisRunner will not be running.
RoslynAnalysisRunner has terminated.
Mono: successfully reloaded assembly
- Completed reload, in  0.904 seconds
Platform modules already initialized, skipping
Refreshing native plugins compatible for Editor in 0.49 ms, found 0 plugins.
Preloading 0 native plugins for Editor in 0.00 ms.
Unloading 1589 Unused Serialized files (Serialized files now loaded: 0)
System memory in use before: 150.8 MB.
System memory in use after: 150.8 MB.

Unloading 27 unused Assets to reduce memory usage. Loaded Objects now: 2086.
Total: 1.934600 ms (FindLiveObjects: 0.191700 ms CreateObjectMapping: 0.040100 ms MarkObjects: 1.634800 ms  DeleteObjects: 0.066900 ms)

========================================================================
Received Prepare
Registering precompiled user dll's ...
Registered in 0.003931 seconds.
Begin MonoManager ReloadAssembly
Native extension for WindowsStandalone target not found
Native extension for WebGL target not found
Refreshing native plugins compatible for Editor in 0.70 ms, found 0 plugins.
Preloading 0 native plugins for Editor in 0.00 ms.
Invoked RoslynAnalysisRunner static constructor.
RoslynAnalysisRunner will not be running.
RoslynAnalysisRunner has terminated.
Mono: successfully reloaded assembly
- Completed reload, in  1.256 seconds
Platform modules already initialized, skipping
Refreshing native plugins compatible for Editor in 0.49 ms, found 0 plugins.
Preloading 0 native plugins for Editor in 0.00 ms.
Unloading 1589 Unused Serialized files (Serialized files now loaded: 0)
System memory in use before: 150.8 MB.
System memory in use after: 150.8 MB.

Unloading 27 unused Assets to reduce memory usage. Loaded Objects now: 2089.
Total: 2.480800 ms (FindLiveObjects: 0.253600 ms CreateObjectMapping: 0.051400 ms MarkObjects: 2.098400 ms  DeleteObjects: 0.076200 ms)

========================================================================
Received Import Request.
  Time since last request: 6418.806576 seconds.
  path: Assets/Animation/Animators/Ghost.controller
  artifactKey: Guid(726dbd80b1c2ef04b84e9015cd3306f6) Importer(815301076,1909f56bfc062723c751e8b465ee728b)
Start importing Assets/Animation/Animators/Ghost.controller using Guid(726dbd80b1c2ef04b84e9015cd3306f6) Importer(815301076,1909f56bfc062723c751e8b465ee728b)  -> (artifact id: '320dc219f2e8e1660d5744fc458a3bac') in 0.039333 seconds
  Import took 0.052695 seconds .

========================================================================
Received Prepare
Registering precompiled user dll's ...
Registered in 0.012063 seconds.
Begin MonoManager ReloadAssembly
Native extension for WindowsStandalone target not found
Native extension for WebGL target not found
Refreshing native plugins compatible for Editor in 0.49 ms, found 0 plugins.
Preloading 0 native plugins for Editor in 0.00 ms.
Invoked RoslynAnalysisRunner static constructor.
RoslynAnalysisRunner will not be running.
RoslynAnalysisRunner has terminated.
Mono: successfully reloaded assembly
- Completed reload, in  0.906 seconds
Platform modules already initialized, skipping
Refreshing native plugins compatible for Editor in 0.49 ms, found 0 plugins.
Preloading 0 native plugins for Editor in 0.00 ms.
Unloading 1589 Unused Serialized files (Serialized files now loaded: 0)
System memory in use before: 150.8 MB.
System memory in use after: 150.9 MB.

Unloading 27 unused Assets to reduce memory usage. Loaded Objects now: 2092.
Total: 2.114000 ms (FindLiveObjects: 0.184800 ms CreateObjectMapping: 0.040600 ms MarkObjects: 1.800000 ms  DeleteObjects: 0.087400 ms)

========================================================================
Received Import Request.
  Time since last request: 4838.268849 seconds.
  path: Assets/Animation/Animators/Gargoyle.controller
  artifactKey: Guid(6674cc60e67f6224ab0636346ef096b9) Importer(815301076,1909f56bfc062723c751e8b465ee728b)
Start importing Assets/Animation/Animators/Gargoyle.controller using Guid(6674cc60e67f6224ab0636346ef096b9) Importer(815301076,1909f56bfc062723c751e8b465ee728b)  -> (artifact id: '2e9849e3684f913f75438b20ff010ab0') in 0.059072 seconds
  Import took 0.061999 seconds .

AssetImportWorkerClient::OnTransportError - code=2 error=End of file
