Using pre-set license
Built from '2020.3/staging' branch; Version is '2020.3.3f1 (76626098c1c4) revision 7758432'; Using compiler version '192528614'; Build Type 'Release'
OS: 'Windows 10 Pro; OS build 19042.928; Version 2009; 64bit' Language: 'it' Physical Memory: 16333 MB
BatchMode: 1, IsHumanControllingUs: 0, StartBugReporterOnCrash: 0, Is64bit: 1, IsPro: 0

 COMMAND LINE ARGUMENTS:
C:\Program Files\Unity\Hub\Editor\2020.3.3f1\Editor\Unity.exe
-adb2
-batchMode
-noUpm
-name
AssetImportWorker0
-projectPath
E:/UnityDevelopment/Challenge2
-logFile
Logs/AssetImportWorker0.log
-srvPort
65498
Successfully changed project path to: E:/UnityDevelopment/Challenge2
E:/UnityDevelopment/Challenge2
Using Asset Import Pipeline V2.
Refreshing native plugins compatible for Editor in 28.24 ms, found 0 plugins.
Preloading 0 native plugins for Editor in 0.00 ms.
Initialize engine version: 2020.3.3f1 (76626098c1c4)
[Subsystems] Discovering subsystems at path C:/Program Files/Unity/Hub/Editor/2020.3.3f1/Editor/Data/Resources/UnitySubsystems
[Subsystems] Discovering subsystems at path E:/UnityDevelopment/Challenge2/Assets
GfxDevice: creating device client; threaded=0
Direct3D:
    Version:  Direct3D 11.0 [level 11.1]
    Renderer: NVIDIA GeForce GTX 1660 SUPER (ID=0x21c4)
    Vendor:   
    VRAM:     5991 MB
    Driver:   27.21.14.6231
Initialize mono
Mono path[0] = 'C:/Program Files/Unity/Hub/Editor/2020.3.3f1/Editor/Data/Managed'
Mono path[1] = 'C:/Program Files/Unity/Hub/Editor/2020.3.3f1/Editor/Data/MonoBleedingEdge/lib/mono/unityjit'
Mono config path = 'C:/Program Files/Unity/Hub/Editor/2020.3.3f1/Editor/Data/MonoBleedingEdge/etc'
Using monoOptions --debugger-agent=transport=dt_socket,embedding=1,server=y,suspend=n,address=127.0.0.1:56516
Begin MonoManager ReloadAssembly
Registering precompiled unity dll's ...
Register platform support module: C:/Program Files/Unity/Hub/Editor/2020.3.3f1/Editor/Data/PlaybackEngines/WebGLSupport/UnityEditor.WebGL.Extensions.dll
Register platform support module: C:/Program Files/Unity/Hub/Editor/2020.3.3f1/Editor/Data/PlaybackEngines/WindowsStandaloneSupport/UnityEditor.WindowsStandalone.Extensions.dll
Registered in 0.002932 seconds.
Native extension for WindowsStandalone target not found
Native extension for WebGL target not found
Refreshing native plugins compatible for Editor in 31.92 ms, found 0 plugins.
Preloading 0 native plugins for Editor in 0.00 ms.
Invoked RoslynAnalysisRunner static constructor.
RoslynAnalysisRunner will not be running.
RoslynAnalysisRunner has terminated.
Mono: successfully reloaded assembly
- Completed reload, in  1.702 seconds
Platform modules already initialized, skipping
Registering precompiled user dll's ...
Registered in 0.004412 seconds.
Begin MonoManager ReloadAssembly
Native extension for WindowsStandalone target not found
Native extension for WebGL target not found
Refreshing native plugins compatible for Editor in 0.42 ms, found 0 plugins.
Preloading 0 native plugins for Editor in 0.00 ms.
Invoked RoslynAnalysisRunner static constructor.
RoslynAnalysisRunner will not be running.
RoslynAnalysisRunner has terminated.
Mono: successfully reloaded assembly
- Completed reload, in  1.275 seconds
Platform modules already initialized, skipping
========================================================================
Worker process is ready to serve import requests
Launched and connected shader compiler UnityShaderCompiler.exe after 0.06 seconds
Refreshing native plugins compatible for Editor in 0.51 ms, found 0 plugins.
Preloading 0 native plugins for Editor in 0.00 ms.
Unloading 1168 Unused Serialized files (Serialized files now loaded: 0)
System memory in use before: 58.7 MB.
System memory in use after: 58.8 MB.

Unloading 17 unused Assets to reduce memory usage. Loaded Objects now: 1609.
Total: 3.252200 ms (FindLiveObjects: 0.278200 ms CreateObjectMapping: 0.051800 ms MarkObjects: 2.795200 ms  DeleteObjects: 0.125200 ms)

========================================================================
Received Import Request.
  path: Assets/Challenge 2/Scripts/DestroyOutOfBoundsX.cs
  artifactKey: Guid(dd56477307ae34a53ab47afc77a08392) Importer(815301076,1909f56bfc062723c751e8b465ee728b)
Start importing Assets/Challenge 2/Scripts/DestroyOutOfBoundsX.cs using Guid(dd56477307ae34a53ab47afc77a08392) Importer(815301076,1909f56bfc062723c751e8b465ee728b)  -> (artifact id: '30c07112c57ec2cb8849398fdf890947') in 0.030703 seconds
  Import took 0.032942 seconds .

========================================================================
Received Prepare
Registering precompiled user dll's ...
Registered in 0.002807 seconds.
Begin MonoManager ReloadAssembly
Native extension for WindowsStandalone target not found
Native extension for WebGL target not found
Refreshing native plugins compatible for Editor in 0.28 ms, found 0 plugins.
Preloading 0 native plugins for Editor in 0.00 ms.
Invoked RoslynAnalysisRunner static constructor.
RoslynAnalysisRunner will not be running.
RoslynAnalysisRunner has terminated.
Mono: successfully reloaded assembly
- Completed reload, in  0.821 seconds
Platform modules already initialized, skipping
Refreshing native plugins compatible for Editor in 0.28 ms, found 0 plugins.
Preloading 0 native plugins for Editor in 0.00 ms.
Unloading 1162 Unused Serialized files (Serialized files now loaded: 0)
System memory in use before: 58.6 MB.
System memory in use after: 58.7 MB.

Unloading 12 unused Assets to reduce memory usage. Loaded Objects now: 1612.
Total: 1.624900 ms (FindLiveObjects: 0.167700 ms CreateObjectMapping: 0.036800 ms MarkObjects: 1.363600 ms  DeleteObjects: 0.056000 ms)

========================================================================
Received Import Request.
  Time since last request: 139.914127 seconds.
  path: Assets/Challenge 2/Scripts/DestroyOutOfBoundsX.cs
  artifactKey: Guid(dd56477307ae34a53ab47afc77a08392) Importer(815301076,1909f56bfc062723c751e8b465ee728b)
Start importing Assets/Challenge 2/Scripts/DestroyOutOfBoundsX.cs using Guid(dd56477307ae34a53ab47afc77a08392) Importer(815301076,1909f56bfc062723c751e8b465ee728b)  -> (artifact id: '51b8e7f26a0bfc8102e4f54d99bc52fd') in 0.003755 seconds
  Import took 0.008859 seconds .

========================================================================
Received Import Request.
  Time since last request: 0.173281 seconds.
  path: Assets/Challenge 2/Scripts/DetectCollisionsX.cs
  artifactKey: Guid(22f880a64e2c84b0a8be42be264f9bad) Importer(815301076,1909f56bfc062723c751e8b465ee728b)
Start importing Assets/Challenge 2/Scripts/DetectCollisionsX.cs using Guid(22f880a64e2c84b0a8be42be264f9bad) Importer(815301076,1909f56bfc062723c751e8b465ee728b)  -> (artifact id: '34c24a571027b86e4bf9dd013e740390') in 0.007119 seconds
  Import took 0.009069 seconds .

========================================================================
Received Prepare
Registering precompiled user dll's ...
Registered in 0.002779 seconds.
Begin MonoManager ReloadAssembly
Native extension for WindowsStandalone target not found
Native extension for WebGL target not found
Refreshing native plugins compatible for Editor in 0.28 ms, found 0 plugins.
Preloading 0 native plugins for Editor in 0.00 ms.
Invoked RoslynAnalysisRunner static constructor.
RoslynAnalysisRunner will not be running.
RoslynAnalysisRunner has terminated.
Mono: successfully reloaded assembly
- Completed reload, in  0.875 seconds
Platform modules already initialized, skipping
Refreshing native plugins compatible for Editor in 0.27 ms, found 0 plugins.
Preloading 0 native plugins for Editor in 0.00 ms.
Unloading 1162 Unused Serialized files (Serialized files now loaded: 0)
System memory in use before: 58.7 MB.
System memory in use after: 58.7 MB.

Unloading 12 unused Assets to reduce memory usage. Loaded Objects now: 1615.
Total: 1.648600 ms (FindLiveObjects: 0.132800 ms CreateObjectMapping: 0.027600 ms MarkObjects: 1.411400 ms  DeleteObjects: 0.075700 ms)

AssetImportWorkerClient::OnTransportError - code=2 error=End of file
